0 info it worked if it ends with ok
1 verbose cli [ '/usr/local/bin/node', '/usr/local/bin/npm', 'publish' ]
2 info using npm@1.4.3
3 info using node@v0.10.26
4 verbose publish [ '.' ]
5 verbose cache add [ '.', null ]
6 verbose cache add name=undefined spec="." args=[".",null]
7 verbose parsed url { protocol: null,
7 verbose parsed url   slashes: null,
7 verbose parsed url   auth: null,
7 verbose parsed url   host: null,
7 verbose parsed url   port: null,
7 verbose parsed url   hostname: null,
7 verbose parsed url   hash: null,
7 verbose parsed url   search: null,
7 verbose parsed url   query: null,
7 verbose parsed url   pathname: '.',
7 verbose parsed url   path: '.',
7 verbose parsed url   href: '.' }
8 silly lockFile 3a52ce78- .
9 verbose lock . /Users/danielhusar/.npm/3a52ce78-.lock
10 verbose tar pack [ '/var/folders/zn/9_jys8vj2d37zsql822lp3br0000gn/T/npm-38367-QLjLhVnE/1409779310147-0.8252110690809786/tmp.tgz',
10 verbose tar pack   '.' ]
11 verbose tarball /var/folders/zn/9_jys8vj2d37zsql822lp3br0000gn/T/npm-38367-QLjLhVnE/1409779310147-0.8252110690809786/tmp.tgz
12 verbose folder .
13 info prepublish gulp-pleeease@1.0.2
14 silly lockFile 1f1177db-tar tar://.
15 verbose lock tar://. /Users/danielhusar/.npm/1f1177db-tar.lock
16 silly lockFile 778dcc47-10147-0-8252110690809786-tmp-tgz tar:///var/folders/zn/9_jys8vj2d37zsql822lp3br0000gn/T/npm-38367-QLjLhVnE/1409779310147-0.8252110690809786/tmp.tgz
17 verbose lock tar:///var/folders/zn/9_jys8vj2d37zsql822lp3br0000gn/T/npm-38367-QLjLhVnE/1409779310147-0.8252110690809786/tmp.tgz /Users/danielhusar/.npm/778dcc47-10147-0-8252110690809786-tmp-tgz.lock
18 silly lockFile 1f1177db-tar tar://.
19 silly lockFile 1f1177db-tar tar://.
20 silly lockFile 778dcc47-10147-0-8252110690809786-tmp-tgz tar:///var/folders/zn/9_jys8vj2d37zsql822lp3br0000gn/T/npm-38367-QLjLhVnE/1409779310147-0.8252110690809786/tmp.tgz
21 silly lockFile 778dcc47-10147-0-8252110690809786-tmp-tgz tar:///var/folders/zn/9_jys8vj2d37zsql822lp3br0000gn/T/npm-38367-QLjLhVnE/1409779310147-0.8252110690809786/tmp.tgz
22 verbose tar unpack /var/folders/zn/9_jys8vj2d37zsql822lp3br0000gn/T/npm-38367-QLjLhVnE/1409779310147-0.8252110690809786/tmp.tgz
23 silly lockFile 1c95de52-10147-0-8252110690809786-package tar:///var/folders/zn/9_jys8vj2d37zsql822lp3br0000gn/T/npm-38367-QLjLhVnE/1409779310147-0.8252110690809786/package
24 verbose lock tar:///var/folders/zn/9_jys8vj2d37zsql822lp3br0000gn/T/npm-38367-QLjLhVnE/1409779310147-0.8252110690809786/package /Users/danielhusar/.npm/1c95de52-10147-0-8252110690809786-package.lock
25 silly lockFile 778dcc47-10147-0-8252110690809786-tmp-tgz tar:///var/folders/zn/9_jys8vj2d37zsql822lp3br0000gn/T/npm-38367-QLjLhVnE/1409779310147-0.8252110690809786/tmp.tgz
26 verbose lock tar:///var/folders/zn/9_jys8vj2d37zsql822lp3br0000gn/T/npm-38367-QLjLhVnE/1409779310147-0.8252110690809786/tmp.tgz /Users/danielhusar/.npm/778dcc47-10147-0-8252110690809786-tmp-tgz.lock
27 silly gunzTarPerm modes [ '755', '644' ]
28 silly gunzTarPerm extractEntry package.json
29 silly gunzTarPerm extractEntry index.js
30 silly gunzTarPerm extractEntry readme.md
31 silly lockFile 1c95de52-10147-0-8252110690809786-package tar:///var/folders/zn/9_jys8vj2d37zsql822lp3br0000gn/T/npm-38367-QLjLhVnE/1409779310147-0.8252110690809786/package
32 silly lockFile 1c95de52-10147-0-8252110690809786-package tar:///var/folders/zn/9_jys8vj2d37zsql822lp3br0000gn/T/npm-38367-QLjLhVnE/1409779310147-0.8252110690809786/package
33 silly lockFile 778dcc47-10147-0-8252110690809786-tmp-tgz tar:///var/folders/zn/9_jys8vj2d37zsql822lp3br0000gn/T/npm-38367-QLjLhVnE/1409779310147-0.8252110690809786/tmp.tgz
34 silly lockFile 778dcc47-10147-0-8252110690809786-tmp-tgz tar:///var/folders/zn/9_jys8vj2d37zsql822lp3br0000gn/T/npm-38367-QLjLhVnE/1409779310147-0.8252110690809786/tmp.tgz
35 verbose tar pack [ '/Users/danielhusar/.npm/gulp-pleeease/1.0.2/package.tgz',
35 verbose tar pack   '/var/folders/zn/9_jys8vj2d37zsql822lp3br0000gn/T/npm-38367-QLjLhVnE/1409779310147-0.8252110690809786/package' ]
36 verbose tarball /Users/danielhusar/.npm/gulp-pleeease/1.0.2/package.tgz
37 verbose folder /var/folders/zn/9_jys8vj2d37zsql822lp3br0000gn/T/npm-38367-QLjLhVnE/1409779310147-0.8252110690809786/package
38 silly lockFile 1c95de52-10147-0-8252110690809786-package tar:///var/folders/zn/9_jys8vj2d37zsql822lp3br0000gn/T/npm-38367-QLjLhVnE/1409779310147-0.8252110690809786/package
39 verbose lock tar:///var/folders/zn/9_jys8vj2d37zsql822lp3br0000gn/T/npm-38367-QLjLhVnE/1409779310147-0.8252110690809786/package /Users/danielhusar/.npm/1c95de52-10147-0-8252110690809786-package.lock
40 silly lockFile 3e8f040f--gulp-pleeease-1-0-2-package-tgz tar:///Users/danielhusar/.npm/gulp-pleeease/1.0.2/package.tgz
41 verbose lock tar:///Users/danielhusar/.npm/gulp-pleeease/1.0.2/package.tgz /Users/danielhusar/.npm/3e8f040f--gulp-pleeease-1-0-2-package-tgz.lock
42 silly lockFile 1c95de52-10147-0-8252110690809786-package tar:///var/folders/zn/9_jys8vj2d37zsql822lp3br0000gn/T/npm-38367-QLjLhVnE/1409779310147-0.8252110690809786/package
43 silly lockFile 1c95de52-10147-0-8252110690809786-package tar:///var/folders/zn/9_jys8vj2d37zsql822lp3br0000gn/T/npm-38367-QLjLhVnE/1409779310147-0.8252110690809786/package
44 silly lockFile 3e8f040f--gulp-pleeease-1-0-2-package-tgz tar:///Users/danielhusar/.npm/gulp-pleeease/1.0.2/package.tgz
45 silly lockFile 3e8f040f--gulp-pleeease-1-0-2-package-tgz tar:///Users/danielhusar/.npm/gulp-pleeease/1.0.2/package.tgz
46 silly lockFile db827eeb--npm-gulp-pleeease-1-0-2-package /Users/danielhusar/.npm/gulp-pleeease/1.0.2/package
47 verbose lock /Users/danielhusar/.npm/gulp-pleeease/1.0.2/package /Users/danielhusar/.npm/db827eeb--npm-gulp-pleeease-1-0-2-package.lock
48 silly lockFile db827eeb--npm-gulp-pleeease-1-0-2-package /Users/danielhusar/.npm/gulp-pleeease/1.0.2/package
49 silly lockFile db827eeb--npm-gulp-pleeease-1-0-2-package /Users/danielhusar/.npm/gulp-pleeease/1.0.2/package
50 verbose tar unpack /Users/danielhusar/.npm/gulp-pleeease/1.0.2/package.tgz
51 silly lockFile 0ddf0439--npm-gulp-pleeease-1-0-2-package tar:///Users/danielhusar/.npm/gulp-pleeease/1.0.2/package
52 verbose lock tar:///Users/danielhusar/.npm/gulp-pleeease/1.0.2/package /Users/danielhusar/.npm/0ddf0439--npm-gulp-pleeease-1-0-2-package.lock
53 silly lockFile 3e8f040f--gulp-pleeease-1-0-2-package-tgz tar:///Users/danielhusar/.npm/gulp-pleeease/1.0.2/package.tgz
54 verbose lock tar:///Users/danielhusar/.npm/gulp-pleeease/1.0.2/package.tgz /Users/danielhusar/.npm/3e8f040f--gulp-pleeease-1-0-2-package-tgz.lock
55 silly gunzTarPerm modes [ '755', '644' ]
56 silly gunzTarPerm extractEntry package.json
57 silly gunzTarPerm extractEntry index.js
58 silly gunzTarPerm extractEntry readme.md
59 silly lockFile 0ddf0439--npm-gulp-pleeease-1-0-2-package tar:///Users/danielhusar/.npm/gulp-pleeease/1.0.2/package
60 silly lockFile 0ddf0439--npm-gulp-pleeease-1-0-2-package tar:///Users/danielhusar/.npm/gulp-pleeease/1.0.2/package
61 silly lockFile 3e8f040f--gulp-pleeease-1-0-2-package-tgz tar:///Users/danielhusar/.npm/gulp-pleeease/1.0.2/package.tgz
62 silly lockFile 3e8f040f--gulp-pleeease-1-0-2-package-tgz tar:///Users/danielhusar/.npm/gulp-pleeease/1.0.2/package.tgz
63 verbose chmod /Users/danielhusar/.npm/gulp-pleeease/1.0.2/package.tgz 644
64 verbose chown /Users/danielhusar/.npm/gulp-pleeease/1.0.2/package.tgz [ 501, 20 ]
65 silly lockFile 3a52ce78- .
66 silly lockFile 3a52ce78- .
67 silly publish { name: 'gulp-pleeease',
67 silly publish   version: '1.0.2',
67 silly publish   description: 'Postprocess CSS with ease.',
67 silly publish   license: 'MIT',
67 silly publish   repository:
67 silly publish    { type: 'git',
67 silly publish      url: 'git://github.com/danielhusar/gulp-pleeease' },
67 silly publish   author:
67 silly publish    { name: 'Daniel Husar',
67 silly publish      email: 'dano.husar@gmail.com',
67 silly publish      url: 'https://github.com/danielhusar' },
67 silly publish   engines: { node: '>=0.10.0' },
67 silly publish   scripts: { test: 'mocha -R spec' },
67 silly publish   files: [ 'index.js' ],
67 silly publish   keywords: [ 'gulpplugin', 'media', 'queries', 'mediaqueries', 'pleeease' ],
67 silly publish   dependencies:
67 silly publish    { 'gulp-util': '^3.0.0',
67 silly publish      'vinyl-sourcemaps-apply': '^0.1.1',
67 silly publish      through2: '^0.6.1',
67 silly publish      pleeease: '^1.1.1' },
67 silly publish   devDependencies: { 'gulp-sourcemaps': '^1.1.1', mocha: '^1.18.2' },
67 silly publish   readmeFilename: 'readme.md',
67 silly publish   readme: '# [gulp](http://gulpjs.com)-pleeease [![Build Status](https://secure.travis-ci.org/danielhusar/gulp-pleeease.svg?branch=master)](http://travis-ci.org/danielhusar/gulp-pleeease)\n\nGulp plugin for [pleeease](https://github.com/iamvdo/pleeease/)\n\nSee [pleeease](https://github.com/iamvdo/pleeease/) for documentation.\n\n## Install\n\n```bash\nnpm install --save-dev gulp-pleeease\n```\n\n## Example\n\n```javascript\nvar gulp = require(\'gulp\');\nvar please = require(\'gulp-pleeease\');\n\ngulp.task(\'css\', function () {\n  gulp.src(\'./src/*.css\')\n  .pipe(please(options))\n  .pipe(rename({\n    suffix: \'.min\',\n    extname: \'.css\'\n  }))\n  .pipe(gulp.dest(\'./dest\'));\n});\n```\n\n## Source map support\n\n```javascript\nvar gulp = require(\'gulp\');\nvar please = require(\'gulp-pleeease\');\nvar sourcemaps = require(\'gulp-sourcemaps\');\n\ngulp.task(\'css\', function () {\n  gulp.src(\'./src/*.css\')\n    .pipe(sourcemaps.init())\n      .pipe(please({\n        optimizers: {\n          minifier: false\n        }\n      }))\n    .pipe(sourcemaps.write())\n    .pipe(gulp.dest(\'./dest\'));\n});\n```\n\n## Options\n\nsame as [pleeease](https://github.com/iamvdo/pleeease/#options)\n\n\n## License\n\nMIT © [Daniel Husar](https://github.com/danielhusar)\n',
67 silly publish   bugs: { url: 'https://github.com/danielhusar/gulp-pleeease/issues' },
67 silly publish   homepage: 'https://github.com/danielhusar/gulp-pleeease',
67 silly publish   _id: 'gulp-pleeease@1.0.2',
67 silly publish   dist: { shasum: '37897df31aebff1df13f36c1edaae231a40d1712' },
67 silly publish   _from: '.' }
68 verbose url raw gulp-pleeease
69 verbose url resolving [ 'https://registry.npmjs.org/', './gulp-pleeease' ]
70 verbose url resolved https://registry.npmjs.org/gulp-pleeease
71 info trying registry request attempt 1 at 22:21:50
72 http PUT https://registry.npmjs.org/gulp-pleeease
73 http 403 https://registry.npmjs.org/gulp-pleeease
74 error publish Failed PUT 403
75 error Error: forbidden cannot modify pre-existing version: 1.0.2
75 error old={"name":"gulp-pleeease","version":"1.0.2","description":"Postprocess CSS with ease.","license":"MIT","repository":{"type":"git","url":"https://github.com/danielhusar/gulp-pleeease"},"author":{"name":"Daniel Husar","email":"dano.husar@gmail.com","url":"https://github.com/danielhusar"},"engines":{"node":">=0.10.0"},"scripts":{"test":"mocha -R spec"},"files":["index.js"],"keywords":["gulpplugin","media","queries","mediaqueries","pleeease"],"dependencies":{"gulp-util":"~3.0.0","vinyl-sourcemaps-apply":"^0.1.1","through2":"~0.6.1","pleeease":"~0.4.4"},"devDependencies":{"gulp-sourcemaps":"^1.1.1","mocha":"^1.18.2"},"gitHead":"344f07feeb53326e379bd304d582afebfc271573","bugs":{"url":"https://github.com/danielhusar/gulp-pleeease/issues"},"homepage":"https://github.com/danielhusar/gulp-pleeease","_id":"gulp-pleeease@1.0.2","_shasum":"d7e0a9da2ca0d3be97c9611ee67cccd661b84916","_from":".","_npmVersion":"1.4.21","_npmUser":{"name":"efrafa","email":"dano.husar@gmail.com"},"maintainers":[{"name":"efrafa","email":"dano.husar@gmail.com"}],"dist":{"shasum":"d7e0a9da2ca0d3be97c9611ee67cccd661b84916","tarball":"http://registry.npmjs.org/gulp-pleeease/-/gulp-pleeease-1.0.2.tgz"}}
75 error new={"name":"gulp-pleeease","version":"1.0.2","description":"Postprocess CSS with ease.","license":"MIT","repository":{"type":"git","url":"git://github.com/danielhusar/gulp-pleeease"},"author":{"name":"Daniel Husar","email":"dano.husar@gmail.com","url":"https://github.com/danielhusar"},"engines":{"node":">=0.10.0"},"scripts":{"test":"mocha -R spec"},"files":["index.js"],"keywords":["gulpplugin","media","queries","mediaqueries","pleeease"],"dependencies":{"gulp-util":"^3.0.0","vinyl-sourcemaps-apply":"^0.1.1","through2":"^0.6.1","pleeease":"^1.1.1"},"devDependencies":{"gulp-sourcemaps":"^1.1.1","mocha":"^1.18.2"},"readmeFilename":"readme.md","readme":"# [gulp](http://gulpjs.com)-pleeease [![Build Status](https://secure.travis-ci.org/danielhusar/gulp-pleeease.svg?branch=master)](http://travis-ci.org/danielhusar/gulp-pleeease)\u000a\u000aGulp plugin for [pleeease](https://github.com/iamvdo/pleeease/)\u000a\u000aSee [pleeease](https://github.com/iamvdo/pleeease/) for documentation.\u000a\u000a## Install\u000a\u000a```bash\u000anpm install --save-dev gulp-pleeease\u000a```\u000a\u000a## Example\u000a\u000a```javascript\u000avar gulp = require('gulp');\u000avar please = require('gulp-pleeease');\u000a\u000agulp.task('css', function () {\u000a  gulp.src('./src/*.css')\u000a  .pipe(please(options))\u000a  .pipe(rename({\u000a    suffix: '.min',\u000a    extname: '.css'\u000a  }))\u000a  .pipe(gulp.dest('./dest'));\u000a});\u000a```\u000a\u000a## Source map support\u000a\u000a```javascript\u000avar gulp = require('gulp');\u000avar please = require('gulp-pleeease');\u000avar sourcemaps = require('gulp-sourcemaps');\u000a\u000agulp.task('css', function () {\u000a  gulp.src('./src/*.css')\u000a    .pipe(sourcemaps.init())\u000a      .pipe(please({\u000a        optimizers: {\u000a          minifier: false\u000a        }\u000a      }))\u000a    .pipe(sourcemaps.write())\u000a    .pipe(gulp.dest('./dest'));\u000a});\u000a```\u000a\u000a## Options\u000a\u000asame as [pleeease](https://github.com/iamvdo/pleeease/#options)\u000a\u000a\u000a## License\u000a\u000aMIT © [Daniel Husar](https://github.com/danielhusar)\u000a","bugs":{"url":"https://github.com/danielhusar/gulp-pleeease/issues"},"homepage":"https://github.com/danielhusar/gulp-pleeease","_id":"gulp-pleeease@1.0.2","dist":{"shasum":"37897df31aebff1df13f36c1edaae231a40d1712","tarball":"http://registry.npmjs.org/gulp-pleeease/-/gulp-pleeease-1.0.2.tgz"},"_from":".","_npmVersion":"1.4.3","_npmUser":{"name":"efrafa","email":"dano.husar@gmail.com"},"maintainers":[{"name":"efrafa","email":"dano.husar@gmail.com"}]}: gulp-pleeease
75 error     at RegClient.<anonymous> (/usr/local/lib/node_modules/npm/node_modules/npm-registry-client/lib/request.js:237:14)
75 error     at Request.self.callback (/usr/local/lib/node_modules/npm/node_modules/request/request.js:123:22)
75 error     at Request.EventEmitter.emit (events.js:98:17)
75 error     at Request.<anonymous> (/usr/local/lib/node_modules/npm/node_modules/request/request.js:893:14)
75 error     at Request.EventEmitter.emit (events.js:117:20)
75 error     at IncomingMessage.<anonymous> (/usr/local/lib/node_modules/npm/node_modules/request/request.js:844:12)
75 error     at IncomingMessage.EventEmitter.emit (events.js:117:20)
75 error     at _stream_readable.js:920:16
75 error     at process._tickCallback (node.js:415:13)
76 error If you need help, you may report this *entire* log,
76 error including the npm and node versions, at:
76 error     <http://github.com/npm/npm/issues>
77 error System Darwin 14.0.0
78 error command "/usr/local/bin/node" "/usr/local/bin/npm" "publish"
79 error cwd /Users/danielhusar/WebDev/_git/gulp-pleeease
80 error node -v v0.10.26
81 error npm -v 1.4.3
82 verbose exit [ 1, true ]
